2015-10-19 11:14:05 [INFO] [Multiverse-Inventories] First run!
2015-10-19 11:14:05 [INFO] [Multiverse-Inventories] Created a default group for you containing all of your default worlds: world, world_nether, world_the_end
2015-10-19 11:14:05 [INFO] [Multiverse-Inventories] Checking for conflicts in groups...
2015-10-19 11:14:05 [INFO] [Multiverse-Inventories] No group conflicts found!
2015-10-19 11:14:05 [INFO] [Multiverse-Inventories 2.4-b126] enabled.
2015-10-19 11:14:43 [INFO] [Multiverse-Inventories 2.4-b126] disabled.
2015-10-19 11:19:57 [INFO] [Multiverse-Inventories] Checking for conflicts in groups...
2015-10-19 11:19:57 [INFO] [Multiverse-Inventories] No group conflicts found!
2015-10-19 11:19:57 [INFO] [Multiverse-Inventories 2.4-b126] enabled.
2015-10-19 11:27:00 [INFO] [Multiverse-Inventories 2.4-b126] disabled.
2015-10-20 10:35:40 [INFO] [Multiverse-Inventories] Checking for conflicts in groups...
2015-10-20 10:35:40 [INFO] [Multiverse-Inventories] No group conflicts found!
2015-10-20 10:35:40 [INFO] [Multiverse-Inventories 2.4-b126] enabled.
2015-10-20 11:16:07 [INFO] [Multiverse-Inventories 2.4-b126] disabled.
2015-10-20 12:34:18 [INFO] [Multiverse-Inventories] Checking for conflicts in groups...
2015-10-20 12:34:18 [INFO] [Multiverse-Inventories] No group conflicts found!
2015-10-20 12:34:18 [INFO] [Multiverse-Inventories 2.4-b126] enabled.
2015-10-20 12:37:27 [INFO] [Multiverse-Inventories 2.4-b126] disabled.
2015-10-20 12:37:38 [INFO] [Multiverse-Inventories] Checking for conflicts in groups...
2015-10-20 12:37:38 [INFO] [Multiverse-Inventories] No group conflicts found!
2015-10-20 12:37:38 [INFO] [Multiverse-Inventories 2.4-b126] enabled.
2015-10-20 12:37:42 [INFO] [Multiverse-Inventories 2.4-b126] disabled.
2015-10-20 12:37:55 [INFO] [Multiverse-Inventories] Checking for conflicts in groups...
2015-10-20 12:37:55 [INFO] [Multiverse-Inventories] No group conflicts found!
2015-10-20 12:37:55 [INFO] [Multiverse-Inventories 2.4-b126] enabled.
2015-10-20 13:31:55 [INFO] [Multiverse-Inventories 2.4-b126] disabled.
2015-10-20 14:34:01 [INFO] [Multiverse-Inventories] Checking for conflicts in groups...
2015-10-20 14:34:01 [INFO] [Multiverse-Inventories] No group conflicts found!
2015-10-20 14:34:01 [INFO] [Multiverse-Inventories 2.4-b126] enabled.
2015-10-20 15:20:37 [INFO] [Multiverse-Inventories 2.4-b126] disabled.
2015-10-20 15:53:18 [INFO] [Multiverse-Inventories] Checking for conflicts in groups...
2015-10-20 15:53:18 [INFO] [Multiverse-Inventories] No group conflicts found!
2015-10-20 15:53:18 [INFO] [Multiverse-Inventories 2.4-b126] enabled.
2015-10-20 16:12:40 [INFO] [Multiverse-Inventories] Checking for conflicts in groups...
2015-10-20 16:12:40 [INFO] [Multiverse-Inventories] No group conflicts found!
2015-10-20 16:12:40 [INFO] [Multiverse-Inventories 2.4-b126] enabled.
2015-10-20 16:19:44 [INFO] [Multiverse-Inventories 2.4-b126] disabled.
2015-10-20 16:19:59 [INFO] [Multiverse-Inventories] Checking for conflicts in groups...
2015-10-20 16:19:59 [INFO] [Multiverse-Inventories] No group conflicts found!
2015-10-20 16:19:59 [INFO] [Multiverse-Inventories 2.4-b126] enabled.
2015-10-20 16:36:00 [INFO] [Multiverse-Inventories 2.4-b126] disabled.
2015-10-20 16:36:22 [INFO] [Multiverse-Inventories] Checking for conflicts in groups...
2015-10-20 16:36:22 [INFO] [Multiverse-Inventories] No group conflicts found!
2015-10-20 16:36:22 [INFO] [Multiverse-Inventories 2.4-b126] enabled.
2015-10-20 16:36:44 [INFO] [Multiverse-Inventories 2.4-b126] disabled.
2015-10-20 16:37:12 [INFO] [Multiverse-Inventories] Checking for conflicts in groups...
2015-10-20 16:37:12 [INFO] [Multiverse-Inventories] No group conflicts found!
2015-10-20 16:37:12 [INFO] [Multiverse-Inventories 2.4-b126] enabled.
2015-10-20 17:19:12 [INFO] [Multiverse-Inventories 2.4-b126] disabled.
2015-10-20 17:20:34 [INFO] [Multiverse-Inventories] Checking for conflicts in groups...
2015-10-20 17:20:34 [INFO] [Multiverse-Inventories] No group conflicts found!
2015-10-20 17:20:34 [INFO] [Multiverse-Inventories 2.4-b126] enabled.
2015-10-20 17:21:20 [INFO] [Multiverse-Inventories 2.4-b126] disabled.
2015-10-20 17:21:57 [INFO] [Multiverse-Inventories] Checking for conflicts in groups...
2015-10-20 17:21:57 [INFO] [Multiverse-Inventories] No group conflicts found!
2015-10-20 17:21:57 [INFO] [Multiverse-Inventories 2.4-b126] enabled.
2015-10-21 11:20:46 [INFO] [Multiverse-Inventories] Checking for conflicts in groups...
2015-10-21 11:20:46 [INFO] [Multiverse-Inventories] No group conflicts found!
2015-10-21 11:20:46 [INFO] [Multiverse-Inventories 2.4-b126] enabled.
2015-10-21 13:06:35 [INFO] [Multiverse-Inventories 2.4-b126] disabled.
2015-10-21 13:29:31 [INFO] [Multiverse-Inventories] Checking for conflicts in groups...
2015-10-21 13:29:31 [INFO] [Multiverse-Inventories] No group conflicts found!
2015-10-21 13:29:31 [INFO] [Multiverse-Inventories 2.4-b126] enabled.
2015-10-21 13:58:47 [INFO] [Multiverse-Inventories 2.4-b126] disabled.
2015-10-21 14:42:34 [INFO] [Multiverse-Inventories] Checking for conflicts in groups...
2015-10-21 14:42:34 [INFO] [Multiverse-Inventories] No group conflicts found!
2015-10-21 14:42:34 [INFO] [Multiverse-Inventories 2.4-b126] enabled.
2015-10-21 17:06:27 [INFO] [Multiverse-Inventories 2.4-b126] disabled.
2015-10-21 18:03:01 [INFO] [Multiverse-Inventories] Checking for conflicts in groups...
2015-10-21 18:03:01 [INFO] [Multiverse-Inventories] No group conflicts found!
2015-10-21 18:03:01 [INFO] [Multiverse-Inventories 2.4-b126] enabled.
2015-10-21 20:03:19 [INFO] [Multiverse-Inventories 2.4-b126] disabled.
2015-10-21 20:03:54 [INFO] [Multiverse-Inventories] Checking for conflicts in groups...
2015-10-21 20:03:54 [INFO] [Multiverse-Inventories] No group conflicts found!
2015-10-21 20:03:54 [INFO] [Multiverse-Inventories 2.4-b126] enabled.
2015-10-21 20:54:14 [INFO] [Multiverse-Inventories 2.4-b126] disabled.
2015-10-21 20:54:30 [INFO] [Multiverse-Inventories] Checking for conflicts in groups...
2015-10-21 20:54:30 [INFO] [Multiverse-Inventories] No group conflicts found!
2015-10-21 20:54:30 [INFO] [Multiverse-Inventories 2.4-b126] enabled.
2015-10-21 21:58:08 [INFO] [Multiverse-Inventories 2.4-b126] disabled.
2015-10-22 09:49:18 [INFO] [Multiverse-Inventories] Checking for conflicts in groups...
2015-10-22 09:49:18 [INFO] [Multiverse-Inventories] No group conflicts found!
2015-10-22 09:49:18 [INFO] [Multiverse-Inventories 2.4-b126] enabled.
2015-10-22 14:28:08 [INFO] [Multiverse-Inventories 2.4-b126] disabled.
2015-10-22 15:26:27 [INFO] [Multiverse-Inventories] Checking for conflicts in groups...
2015-10-22 15:26:27 [INFO] [Multiverse-Inventories] No group conflicts found!
2015-10-22 15:26:27 [INFO] [Multiverse-Inventories 2.4-b126] enabled.
2015-10-22 23:50:30 [INFO] [Multiverse-Inventories 2.4-b126] disabled.
2015-11-29 13:14:23 [INFO] [Multiverse-Inventories] Checking for conflicts in groups...
2015-11-29 13:14:23 [INFO] [Multiverse-Inventories] No group conflicts found!
2015-11-29 13:14:23 [INFO] [Multiverse-Inventories 2.4-b126] enabled.
2015-11-29 13:18:06 [INFO] [Multiverse-Inventories 2.4-b126] disabled.
2015-11-29 13:19:26 [INFO] [Multiverse-Inventories] Checking for conflicts in groups...
2015-11-29 13:19:26 [INFO] [Multiverse-Inventories] No group conflicts found!
2015-11-29 13:19:26 [INFO] [Multiverse-Inventories 2.4-b126] enabled.
2015-11-29 13:24:40 [INFO] [Multiverse-Inventories 2.4-b126] disabled.
2016-02-15 13:06:02 [INFO] [Multiverse-Inventories] Checking for conflicts in groups...
2016-02-15 13:06:02 [INFO] [Multiverse-Inventories] No group conflicts found!
2016-02-15 13:06:02 [INFO] [Multiverse-Inventories 2.4-b126] enabled.
2016-03-09 19:43:46 [INFO] [Multiverse-Inventories] Checking for conflicts in groups...
2016-03-09 19:43:46 [INFO] [Multiverse-Inventories] No group conflicts found!
2016-03-09 19:43:46 [INFO] [Multiverse-Inventories 2.4-b126] enabled.
2016-03-09 19:46:32 [INFO] [Multiverse-Inventories 2.4-b126] disabled.
2016-04-24 18:13:27 [INFO] [Multiverse-Inventories] Checking for conflicts in groups...
2016-04-24 18:13:27 [INFO] [Multiverse-Inventories] No group conflicts found!
2016-04-24 18:13:27 [INFO] [Multiverse-Inventories 2.4-b126] enabled.
2016-04-24 18:57:28 [INFO] [Multiverse-Inventories 2.4-b126] disabled.
2016-05-09 16:25:59 [INFO] [Multiverse-Inventories] Checking for conflicts in groups...
2016-05-09 16:25:59 [INFO] [Multiverse-Inventories] No group conflicts found!
2016-05-09 16:25:59 [INFO] [Multiverse-Inventories 2.4-b126] enabled.
2016-05-09 16:37:59 [INFO] [Multiverse-Inventories 2.4-b126] disabled.
2016-10-20 18:49:46 [INFO] [Multiverse-Inventories] Checking for conflicts in groups...
2016-10-20 18:49:46 [INFO] [Multiverse-Inventories] No group conflicts found!
2016-10-20 18:49:46 [INFO] [Multiverse-Inventories 2.4-b126] enabled.
2016-12-17 22:30:23 [INFO] [Multiverse-Inventories] Checking for conflicts in groups...
2016-12-17 22:30:23 [INFO] [Multiverse-Inventories] No group conflicts found!
2016-12-17 22:30:23 [INFO] [Multiverse-Inventories 2.4-b126] enabled.
2016-12-17 23:36:09 [INFO] [Multiverse-Inventories 2.4-b126] disabled.
2017-10-24 20:12:24 [INFO] [Multiverse-Inventories] Checking for conflicts in groups...
2017-10-24 20:12:24 [INFO] [Multiverse-Inventories] No group conflicts found!
2017-10-24 20:12:24 [INFO] [Multiverse-Inventories 2.4-b126] enabled.
2017-10-24 20:25:11 [INFO] [Multiverse-Inventories 2.4-b126] disabled.
2018-01-07 21:18:31 [INFO] [Multiverse-Inventories] Checking for conflicts in groups...
2018-01-07 21:18:31 [INFO] [Multiverse-Inventories] No group conflicts found!
2018-01-07 21:18:31 [INFO] [Multiverse-Inventories 2.4-b126] enabled.
2018-01-07 21:37:55 [INFO] [Multiverse-Inventories 2.4-b126] disabled.
2018-01-07 21:38:24 [INFO] [Multiverse-Inventories] Checking for conflicts in groups...
2018-01-07 21:38:24 [INFO] [Multiverse-Inventories] No group conflicts found!
2018-01-07 21:38:24 [INFO] [Multiverse-Inventories 2.4-b126] enabled.
2018-01-07 21:41:06 [INFO] [Multiverse-Inventories 2.4-b126] disabled.
2018-01-07 21:41:30 [INFO] [Multiverse-Inventories] Checking for conflicts in groups...
2018-01-07 21:41:30 [INFO] [Multiverse-Inventories] No group conflicts found!
2018-01-07 21:41:30 [INFO] [Multiverse-Inventories 2.4-b126] enabled.
2018-01-07 22:03:17 [INFO] [Multiverse-Inventories] Checking for conflicts in groups...
2018-01-07 22:03:17 [INFO] [Multiverse-Inventories] No group conflicts found!
2018-01-07 22:03:17 [INFO] [Multiverse-Inventories 2.4-b126] enabled.
2018-01-07 22:30:39 [INFO] [Multiverse-Inventories 2.4-b126] disabled.
2018-01-08 19:25:37 [INFO] [Multiverse-Inventories] Checking for conflicts in groups...
2018-01-08 19:25:37 [INFO] [Multiverse-Inventories] No group conflicts found!
2018-01-08 19:25:37 [INFO] [Multiverse-Inventories 2.4-b126] enabled.
2018-01-08 21:52:26 [INFO] [Multiverse-Inventories 2.4-b126] disabled.
2018-01-09 17:52:17 [INFO] [Multiverse-Inventories] Checking for conflicts in groups...
2018-01-09 17:52:17 [INFO] [Multiverse-Inventories] No group conflicts found!
2018-01-09 17:52:17 [INFO] [Multiverse-Inventories 2.4-b126] enabled.
2018-01-09 20:13:31 [INFO] [Multiverse-Inventories 2.4-b126] disabled.
2018-01-10 20:46:36 [INFO] [Multiverse-Inventories] Checking for conflicts in groups...
2018-01-10 20:46:36 [INFO] [Multiverse-Inventories] No group conflicts found!
2018-01-10 20:46:36 [INFO] [Multiverse-Inventories 2.4-b126] enabled.
2018-01-10 22:42:49 [INFO] [Multiverse-Inventories 2.4-b126] disabled.
2018-02-08 19:29:02 [INFO] [Multiverse-Inventories] Checking for conflicts in groups...
2018-02-08 19:29:02 [INFO] [Multiverse-Inventories] No group conflicts found!
2018-02-08 19:29:02 [INFO] [Multiverse-Inventories 2.4-b126] enabled.
2018-02-17 23:42:56 [INFO] [Multiverse-Inventories 2.4-b126] disabled.
2018-07-17 15:32:54 [INFO] [Multiverse-Inventories] Checking for conflicts in groups...
2018-07-17 15:32:54 [INFO] [Multiverse-Inventories] No group conflicts found!
2018-07-17 15:32:54 [INFO] [Multiverse-Inventories 2.4-b126] enabled.
2018-07-17 15:35:29 [INFO] [Multiverse-Inventories 2.4-b126] disabled.
2018-11-19 22:06:56 [INFO] [Multiverse-Inventories] Checking for conflicts in groups...
2018-11-19 22:06:56 [INFO] [Multiverse-Inventories] No group conflicts found!
2018-11-19 22:06:56 [INFO] [Multiverse-Inventories 2.4-b126] enabled.
2019-05-03 21:38:54 [INFO] [Multiverse-Inventories] Checking for conflicts in groups...
2019-05-03 21:38:54 [INFO] [Multiverse-Inventories] No group conflicts found!
2019-05-03 21:38:54 [INFO] [Multiverse-Inventories 2.4-b126] enabled.
2019-07-03 21:48:41 [INFO] [Multiverse-Inventories] Checking for conflicts in groups...
2019-07-03 21:48:41 [INFO] [Multiverse-Inventories] No group conflicts found!
2019-07-03 21:48:41 [INFO] [Multiverse-Inventories 2.4-b126] enabled.
2019-07-03 21:55:10 [INFO] [Multiverse-Inventories 2.4-b126] disabled.
